[30-Mar-2025 08:18:01 Europe/Berlin] [Debug] Received request {"method":"POST","input":"{\"email\":\"jeorgeandreielevencionado@gmail.com\"}"}
[30-Mar-2025 08:18:01 Europe/Berlin] [Debug] Parsed input {"email":"jeorgeandreielevencionado@gmail.com"}
[30-Mar-2025 08:18:01 Europe/Berlin] [Debug] Session created {"email":"jeorgeandreielevencionado@gmail.com","session_id":"foja2dsgotdr8qe9antsln5a15"}
[30-Mar-2025 08:20:48 Europe/Berlin] [Debug] Received request {"method":"POST","input":"{\"email\":\"jeorgeandreielevencionado@gmail.com\"}"}
[30-Mar-2025 08:20:48 Europe/Berlin] [Debug] Parsed input {"email":"jeorgeandreielevencionado@gmail.com"}
[30-Mar-2025 08:20:48 Europe/Berlin] [Debug] Session created {"email":"jeorgeandreielevencionado@gmail.com","session_id":"foja2dsgotdr8qe9antsln5a15"}
[30-Mar-2025 08:28:01 Europe/Berlin] [Debug] Received request {"method":"POST","input":"{\"email\":\"jeorgeandreielevencionado@gmail.com\"}"}
[30-Mar-2025 08:28:01 Europe/Berlin] [Debug] Parsed input {"email":"jeorgeandreielevencionado@gmail.com"}
[30-Mar-2025 08:28:01 Europe/Berlin] [Debug] Session created {"email":"jeorgeandreielevencionado@gmail.com","session_id":"foja2dsgotdr8qe9antsln5a15"}
[30-Mar-2025 08:41:10 Europe/Berlin] [Debug] Received request {"method":"POST","input":"{\"email\":\"jeorgeandreielevencionado@gmail.com\"}"}
[30-Mar-2025 08:41:10 Europe/Berlin] [Debug] Parsed input {"email":"jeorgeandreielevencionado@gmail.com"}
[30-Mar-2025 08:41:10 Europe/Berlin] [Debug] Session created {"email":"jeorgeandreielevencionado@gmail.com","session_id":"vpp3chnk5nk3rc2j8si834eac2"}
[15-Apr-2025 17:03:41 Europe/Berlin] [Debug] Received request {"method":"POST","input":"{\"email\":\"jeorgeandreielevencionado@gmail.com\"}"}
[15-Apr-2025 17:03:41 Europe/Berlin] [Debug] Parsed input {"email":"jeorgeandreielevencionado@gmail.com"}
[15-Apr-2025 17:03:41 Europe/Berlin] [Debug] Session created {"email":"jeorgeandreielevencionado@gmail.com","session_id":"39pgvpo6lunnm2aali4gri21v3"}
[15-Apr-2025 17:35:39 Europe/Berlin] [Debug] Received request {"method":"POST","input":"{\"email\":\"jeorgeandreielevencionado@gmail.com\"}"}
[15-Apr-2025 17:35:39 Europe/Berlin] [Debug] Parsed input {"email":"jeorgeandreielevencionado@gmail.com"}
[15-Apr-2025 17:35:39 Europe/Berlin] [Debug] Session created {"email":"jeorgeandreielevencionado@gmail.com","session_id":"9s3k1or12r75n6d3gtc5hff5i4"}
[15-Apr-2025 17:37:05 Europe/Berlin] [Debug] Received request {"method":"POST","input":"{\"email\":\"jeorgeandreielevencionado@gmail.com\"}"}
[15-Apr-2025 17:37:05 Europe/Berlin] [Debug] Parsed input {"email":"jeorgeandreielevencionado@gmail.com"}
[15-Apr-2025 17:37:05 Europe/Berlin] [Debug] Session created {"email":"jeorgeandreielevencionado@gmail.com","session_id":"4snepfq7hn3pn7d7oul6ajai0h"}
[15-Apr-2025 17:41:34 Europe/Berlin] [Debug] Received request {"method":"POST","input":"{\"email\":\"jeorgeandreielevencionado@gmail.com\"}"}
[15-Apr-2025 17:41:34 Europe/Berlin] [Debug] Parsed input {"email":"jeorgeandreielevencionado@gmail.com"}
[15-Apr-2025 17:41:34 Europe/Berlin] [Debug] Session created {"email":"jeorgeandreielevencionado@gmail.com","session_id":"lb6qspimkdkcue0dfv4tf5pfhi"}
[15-Apr-2025 18:59:05 Europe/Berlin] [Debug] Received request {"method":"POST","input":"{\"email\":\"jeorgeandreielevencionado@gmail.com\"}"}
[15-Apr-2025 18:59:05 Europe/Berlin] [Debug] Parsed input {"email":"jeorgeandreielevencionado@gmail.com"}
[15-Apr-2025 18:59:05 Europe/Berlin] [Debug] Session created {"email":"jeorgeandreielevencionado@gmail.com","session_id":"getq239ffnls8rppu57dvnrqar"}
[15-Apr-2025 18:59:37 Europe/Berlin] [Debug] Received request {"method":"POST","input":"{\"email\":\"jeorgeandreielevencionado@gmail.com\"}"}
[15-Apr-2025 18:59:37 Europe/Berlin] [Debug] Parsed input {"email":"jeorgeandreielevencionado@gmail.com"}
[15-Apr-2025 18:59:37 Europe/Berlin] [Debug] Session created {"email":"jeorgeandreielevencionado@gmail.com","session_id":"44epiqc1pdc9hf67jmojtvv0vk"}
